Installing packages into ‘/nfs/stak/users/hawkintr/R_libs/4.4’
(as ‘lib’ is unspecified)
also installing the dependencies ‘rappdirs’, ‘sys’, ‘commonmark’, ‘cachem’, ‘lazyeval’, ‘progress’, ‘base64enc’, ‘fastmap’, ‘sass’, ‘pkgbuild’, ‘diffobj’, ‘farver’, ‘labeling’, ‘RColorBrewer’, ‘viridisLite’, ‘askpass’, ‘R.oo’, ‘R.methodsS3’, ‘evaluate’, ‘highr’, ‘xfun’, ‘litedown’, ‘memoise’, ‘digest’, ‘jsonlite’, ‘rex’, ‘crayon’, ‘Rcpp’, ‘clipr’, ‘hms’, ‘vroom’, ‘cpp11’, ‘tzdb’, ‘bslib’, ‘fontawesome’, ‘htmltools’, ‘jquerylib’, ‘tinytex’, ‘brio’, ‘desc’, ‘pkgload’, ‘praise’, ‘processx’, ‘ps’, ‘waldo’, ‘utf8’, ‘pkgconfig’, ‘profmem’, ‘backports’, ‘stringr’, ‘blob’, ‘gtable’, ‘isoband’, ‘scales’, ‘prettyunits’, ‘plogr’, ‘curl’, ‘mime’, ‘openssl’, ‘timechange’, ‘nanonext’, ‘bit64’, ‘bit’, ‘R.utils’, ‘xts’, ‘zoo’, ‘yaml’, ‘knitr’, ‘markdown’, ‘rprojroot’, ‘conflicted’, ‘covr’, ‘fs’, ‘palmerpenguins’, ‘plyr’, ‘readr’, ‘rlang’, ‘rmarkdown’, ‘testthat’, ‘uuid’, ‘withr’, ‘cli’, ‘generics’, ‘glue’, ‘lifecycle’, ‘magrittr’, ‘pillar’, ‘R6’, ‘tibble’, ‘tidyselect’, ‘vctrs’, ‘bench’, ‘broom’, ‘callr’, ‘DBI’, ‘dbplyr’, ‘ggplot2’, ‘Lahman’, ‘lobstr’, ‘microbenchmark’, ‘nycflights13’, ‘RMySQL’, ‘RPostgreSQL’, ‘RSQLite’, ‘stringi’, ‘tidyr’, ‘carrier’, ‘httr’, ‘lubridate’, ‘mirai’

trying URL 'https://cloud.r-project.org/src/contrib/rappdirs_0.3.3.tar.gz'
Content type 'application/x-gzip' length 12288 bytes (12 KB)
==================================================
downloaded 12 KB

trying URL 'https://cloud.r-project.org/src/contrib/sys_3.4.3.tar.gz'
Content type 'application/x-gzip' length 19936 bytes (19 KB)
==================================================
downloaded 19 KB

trying URL 'https://cloud.r-project.org/src/contrib/commonmark_2.0.0.tar.gz'
Content type 'application/x-gzip' length 147234 bytes (143 KB)
==================================================
downloaded 143 KB

trying URL 'https://cloud.r-project.org/src/contrib/cachem_1.1.0.tar.gz'
Content type 'application/x-gzip' length 27192 bytes (26 KB)
==================================================
downloaded 26 KB

trying URL 'https://cloud.r-project.org/src/contrib/lazyeval_0.2.2.tar.gz'
Content type 'application/x-gzip' length 83482 bytes (81 KB)
==================================================
downloaded 81 KB

trying URL 'https://cloud.r-project.org/src/contrib/progress_1.2.3.tar.gz'
Content type 'application/x-gzip' length 30499 bytes (29 KB)
==================================================
downloaded 29 KB

trying URL 'https://cloud.r-project.org/src/contrib/base64enc_0.1-3.tar.gz'
Content type 'application/x-gzip' length 7833 bytes
==================================================
downloaded 7833 bytes

trying URL 'https://cloud.r-project.org/src/contrib/fastmap_1.2.0.tar.gz'
Content type 'application/x-gzip' length 46710 bytes (45 KB)
==================================================
downloaded 45 KB

trying URL 'https://cloud.r-project.org/src/contrib/sass_0.4.10.tar.gz'
Content type 'application/x-gzip' length 3025163 bytes (2.9 MB)
==================================================
downloaded 2.9 MB

trying URL 'https://cloud.r-project.org/src/contrib/pkgbuild_1.4.8.tar.gz'
Content type 'application/x-gzip' length 51302 bytes (50 KB)
==================================================
downloaded 50 KB

trying URL 'https://cloud.r-project.org/src/contrib/diffobj_0.3.6.tar.gz'
Content type 'application/x-gzip' length 472960 bytes (461 KB)
==================================================
downloaded 461 KB

trying URL 'https://cloud.r-project.org/src/contrib/farver_2.1.2.tar.gz'
Content type 'application/x-gzip' length 1275981 bytes (1.2 MB)
==================================================
downloaded 1.2 MB

trying URL 'https://cloud.r-project.org/src/contrib/labeling_0.4.3.tar.gz'
Content type 'application/x-gzip' length 10167 bytes
==================================================
downloaded 10167 bytes

trying URL 'https://cloud.r-project.org/src/contrib/RColorBrewer_1.1-3.tar.gz'
Content type 'application/x-gzip' length 11638 bytes (11 KB)
==================================================
downloaded 11 KB

trying URL 'https://cloud.r-project.org/src/contrib/viridisLite_0.4.2.tar.gz'
Content type 'application/x-gzip' length 1267121 bytes (1.2 MB)
==================================================
downloaded 1.2 MB

trying URL 'https://cloud.r-project.org/src/contrib/askpass_1.2.1.tar.gz'
Content type 'application/x-gzip' length 6058 bytes
==================================================
downloaded 6058 bytes

trying URL 'https://cloud.r-project.org/src/contrib/R.oo_1.27.1.tar.gz'
Content type 'application/x-gzip' length 384264 bytes (375 KB)
==================================================
downloaded 375 KB

trying URL 'https://cloud.r-project.org/src/contrib/R.methodsS3_1.8.2.tar.gz'
Content type 'application/x-gzip' length 24131 bytes (23 KB)
==================================================
downloaded 23 KB

trying URL 'https://cloud.r-project.org/src/contrib/evaluate_1.0.4.tar.gz'
Content type 'application/x-gzip' length 39226 bytes (38 KB)
==================================================
downloaded 38 KB

trying URL 'https://cloud.r-project.org/src/contrib/highr_0.11.tar.gz'
Content type 'application/x-gzip' length 13851 bytes (13 KB)
==================================================
downloaded 13 KB

trying URL 'https://cloud.r-project.org/src/contrib/xfun_0.52.tar.gz'
Content type 'application/x-gzip' length 177584 bytes (173 KB)
==================================================
downloaded 173 KB

trying URL 'https://cloud.r-project.org/src/contrib/litedown_0.7.tar.gz'
Content type 'application/x-gzip' length 100877 bytes (98 KB)
==================================================
downloaded 98 KB

trying URL 'https://cloud.r-project.org/src/contrib/memoise_2.0.1.tar.gz'
Content type 'application/x-gzip' length 17852 bytes (17 KB)
==================================================
downloaded 17 KB

trying URL 'https://cloud.r-project.org/src/contrib/digest_0.6.37.tar.gz'
Content type 'application/x-gzip' length 232306 bytes (226 KB)
==================================================
downloaded 226 KB

trying URL 'https://cloud.r-project.org/src/contrib/jsonlite_2.0.0.tar.gz'
Content type 'application/x-gzip' length 1055849 bytes (1.0 MB)
==================================================
downloaded 1.0 MB

trying URL 'https://cloud.r-project.org/src/contrib/rex_1.2.1.tar.gz'
Content type 'application/x-gzip' length 93583 bytes (91 KB)
==================================================
downloaded 91 KB

trying URL 'https://cloud.r-project.org/src/contrib/crayon_1.5.3.tar.gz'
Content type 'application/x-gzip' length 40396 bytes (39 KB)
==================================================
downloaded 39 KB

trying URL 'https://cloud.r-project.org/src/contrib/Rcpp_1.1.0.tar.gz'
Content type 'application/x-gzip' length 3107035 bytes (3.0 MB)
==================================================
downloaded 3.0 MB

trying URL 'https://cloud.r-project.org/src/contrib/clipr_0.8.0.tar.gz'
Content type 'application/x-gzip' length 21898 bytes (21 KB)
==================================================
downloaded 21 KB

trying URL 'https://cloud.r-project.org/src/contrib/hms_1.1.3.tar.gz'
Content type 'application/x-gzip' length 43379 bytes (42 KB)
==================================================
downloaded 42 KB

trying URL 'https://cloud.r-project.org/src/contrib/vroom_1.6.5.tar.gz'
Content type 'application/x-gzip' length 750416 bytes (732 KB)
==================================================
downloaded 732 KB

trying URL 'https://cloud.r-project.org/src/contrib/cpp11_0.5.2.tar.gz'
Content type 'application/x-gzip' length 291993 bytes (285 KB)
==================================================
downloaded 285 KB

trying URL 'https://cloud.r-project.org/src/contrib/tzdb_0.5.0.tar.gz'
Content type 'application/x-gzip' length 600718 bytes (586 KB)
==================================================
downloaded 586 KB

trying URL 'https://cloud.r-project.org/src/contrib/bslib_0.9.0.tar.gz'
Content type 'application/x-gzip' length 5428353 bytes (5.2 MB)
==================================================
downloaded 5.2 MB

trying URL 'https://cloud.r-project.org/src/contrib/fontawesome_0.5.3.tar.gz'
Content type 'application/x-gzip' length 1320479 bytes (1.3 MB)
==================================================
downloaded 1.3 MB

trying URL 'https://cloud.r-project.org/src/contrib/htmltools_0.5.8.1.tar.gz'
Content type 'application/x-gzip' length 135134 bytes (131 KB)
==================================================
downloaded 131 KB

trying URL 'https://cloud.r-project.org/src/contrib/jquerylib_0.1.4.tar.gz'
Content type 'application/x-gzip' length 520207 bytes (508 KB)
==================================================
downloaded 508 KB

trying URL 'https://cloud.r-project.org/src/contrib/tinytex_0.57.tar.gz'
Content type 'application/x-gzip' length 36295 bytes (35 KB)
==================================================
downloaded 35 KB

trying URL 'https://cloud.r-project.org/src/contrib/brio_1.1.5.tar.gz'
Content type 'application/x-gzip' length 13172 bytes (12 KB)
==================================================
downloaded 12 KB

trying URL 'https://cloud.r-project.org/src/contrib/desc_1.4.3.tar.gz'
Content type 'application/x-gzip' length 80066 bytes (78 KB)
==================================================
downloaded 78 KB

trying URL 'https://cloud.r-project.org/src/contrib/pkgload_1.4.0.tar.gz'
Content type 'application/x-gzip' length 85664 bytes (83 KB)
==================================================
downloaded 83 KB

trying URL 'https://cloud.r-project.org/src/contrib/praise_1.0.0.tar.gz'
Content type 'application/x-gzip' length 6100 bytes
==================================================
downloaded 6100 bytes

trying URL 'https://cloud.r-project.org/src/contrib/processx_3.8.6.tar.gz'
Content type 'application/x-gzip' length 165190 bytes (161 KB)
==================================================
downloaded 161 KB

trying URL 'https://cloud.r-project.org/src/contrib/ps_1.9.1.tar.gz'
Content type 'application/x-gzip' length 167920 bytes (163 KB)
==================================================
downloaded 163 KB

trying URL 'https://cloud.r-project.org/src/contrib/waldo_0.6.2.tar.gz'
Content type 'application/x-gzip' length 45913 bytes (44 KB)
==================================================
downloaded 44 KB

trying URL 'https://cloud.r-project.org/src/contrib/utf8_1.2.6.tar.gz'
Content type 'application/x-gzip' length 243856 bytes (238 KB)
==================================================
downloaded 238 KB

trying URL 'https://cloud.r-project.org/src/contrib/pkgconfig_2.0.3.tar.gz'
Content type 'application/x-gzip' length 6080 bytes
==================================================
downloaded 6080 bytes

trying URL 'https://cloud.r-project.org/src/contrib/profmem_0.7.0.tar.gz'
Content type 'application/x-gzip' length 19616 bytes (19 KB)
==================================================
downloaded 19 KB

trying URL 'https://cloud.r-project.org/src/contrib/backports_1.5.0.tar.gz'
Content type 'application/x-gzip' length 30687 bytes (29 KB)
==================================================
downloaded 29 KB

trying URL 'https://cloud.r-project.org/src/contrib/stringr_1.5.1.tar.gz'
Content type 'application/x-gzip' length 176599 bytes (172 KB)
==================================================
downloaded 172 KB

trying URL 'https://cloud.r-project.org/src/contrib/blob_1.2.4.tar.gz'
Content type 'application/x-gzip' length 10620 bytes (10 KB)
==================================================
downloaded 10 KB

trying URL 'https://cloud.r-project.org/src/contrib/gtable_0.3.6.tar.gz'
Content type 'application/x-gzip' length 148148 bytes (144 KB)
==================================================
downloaded 144 KB

trying URL 'https://cloud.r-project.org/src/contrib/isoband_0.2.7.tar.gz'
Content type 'application/x-gzip' length 1591812 bytes (1.5 MB)
==================================================
downloaded 1.5 MB

trying URL 'https://cloud.r-project.org/src/contrib/scales_1.4.0.tar.gz'
Content type 'application/x-gzip' length 328671 bytes (320 KB)
==================================================
downloaded 320 KB

trying URL 'https://cloud.r-project.org/src/contrib/prettyunits_1.2.0.tar.gz'
Content type 'application/x-gzip' length 97496 bytes (95 KB)
==================================================
downloaded 95 KB

trying URL 'https://cloud.r-project.org/src/contrib/plogr_0.2.0.tar.gz'
Content type 'application/x-gzip' length 7795 bytes
==================================================
downloaded 7795 bytes

trying URL 'https://cloud.r-project.org/src/contrib/curl_6.4.0.tar.gz'
Content type 'application/x-gzip' length 935843 bytes (913 KB)
==================================================
downloaded 913 KB

trying URL 'https://cloud.r-project.org/src/contrib/mime_0.13.tar.gz'
Content type 'application/x-gzip' length 21950 bytes (21 KB)
==================================================
downloaded 21 KB

trying URL 'https://cloud.r-project.org/src/contrib/openssl_2.3.3.tar.gz'
Content type 'application/x-gzip' length 1206720 bytes (1.2 MB)
==================================================
downloaded 1.2 MB

trying URL 'https://cloud.r-project.org/src/contrib/timechange_0.3.0.tar.gz'
Content type 'application/x-gzip' length 103439 bytes (101 KB)
==================================================
downloaded 101 KB

trying URL 'https://cloud.r-project.org/src/contrib/nanonext_1.6.2.tar.gz'
Content type 'application/x-gzip' length 737573 bytes (720 KB)
==================================================
downloaded 720 KB

trying URL 'https://cloud.r-project.org/src/contrib/bit64_4.6.0-1.tar.gz'
Content type 'application/x-gzip' length 142045 bytes (138 KB)
==================================================
downloaded 138 KB

trying URL 'https://cloud.r-project.org/src/contrib/bit_4.6.0.tar.gz'
Content type 'application/x-gzip' length 304585 bytes (297 KB)
==================================================
downloaded 297 KB

trying URL 'https://cloud.r-project.org/src/contrib/R.utils_2.13.0.tar.gz'
Content type 'application/x-gzip' length 367225 bytes (358 KB)
==================================================
downloaded 358 KB

trying URL 'https://cloud.r-project.org/src/contrib/xts_0.14.1.tar.gz'
Content type 'application/x-gzip' length 878211 bytes (857 KB)
==================================================
downloaded 857 KB

trying URL 'https://cloud.r-project.org/src/contrib/zoo_1.8-14.tar.gz'
Content type 'application/x-gzip' length 778426 bytes (760 KB)
==================================================
downloaded 760 KB

trying URL 'https://cloud.r-project.org/src/contrib/yaml_2.3.10.tar.gz'
Content type 'application/x-gzip' length 94556 bytes (92 KB)
==================================================
downloaded 92 KB

trying URL 'https://cloud.r-project.org/src/contrib/knitr_1.50.tar.gz'
Content type 'application/x-gzip' length 534264 bytes (521 KB)
==================================================
downloaded 521 KB

trying URL 'https://cloud.r-project.org/src/contrib/markdown_2.0.tar.gz'
Content type 'application/x-gzip' length 23664 bytes (23 KB)
==================================================
downloaded 23 KB

trying URL 'https://cloud.r-project.org/src/contrib/rprojroot_2.1.0.tar.gz'
Content type 'application/x-gzip' length 59562 bytes (58 KB)
==================================================
downloaded 58 KB

trying URL 'https://cloud.r-project.org/src/contrib/conflicted_1.2.0.tar.gz'
Content type 'application/x-gzip' length 17071 bytes (16 KB)
==================================================
downloaded 16 KB

trying URL 'https://cloud.r-project.org/src/contrib/covr_3.6.4.tar.gz'
Content type 'application/x-gzip' length 163362 bytes (159 KB)
==================================================
downloaded 159 KB

trying URL 'https://cloud.r-project.org/src/contrib/fs_1.6.6.tar.gz'
Content type 'application/x-gzip' length 1201011 bytes (1.1 MB)
==================================================
downloaded 1.1 MB

trying URL 'https://cloud.r-project.org/src/contrib/palmerpenguins_0.1.1.tar.gz'
Content type 'application/x-gzip' length 2995960 bytes (2.9 MB)
==================================================
downloaded 2.9 MB

trying URL 'https://cloud.r-project.org/src/contrib/plyr_1.8.9.tar.gz'
Content type 'application/x-gzip' length 401488 bytes (392 KB)
==================================================
downloaded 392 KB

trying URL 'https://cloud.r-project.org/src/contrib/readr_2.1.5.tar.gz'
Content type 'application/x-gzip' length 298065 bytes (291 KB)
==================================================
downloaded 291 KB

trying URL 'https://cloud.r-project.org/src/contrib/rlang_1.1.6.tar.gz'
Content type 'application/x-gzip' length 767928 bytes (749 KB)
==================================================
downloaded 749 KB

trying URL 'https://cloud.r-project.org/src/contrib/rmarkdown_2.29.tar.gz'
Content type 'application/x-gzip' length 2194660 bytes (2.1 MB)
==================================================
downloaded 2.1 MB

trying URL 'https://cloud.r-project.org/src/contrib/testthat_3.2.3.tar.gz'
Content type 'application/x-gzip' length 738940 bytes (721 KB)
==================================================
downloaded 721 KB

trying URL 'https://cloud.r-project.org/src/contrib/uuid_1.2-1.tar.gz'
Content type 'application/x-gzip' length 80662 bytes (78 KB)
==================================================
downloaded 78 KB

trying URL 'https://cloud.r-project.org/src/contrib/withr_3.0.2.tar.gz'
Content type 'application/x-gzip' length 103240 bytes (100 KB)
==================================================
downloaded 100 KB

trying URL 'https://cloud.r-project.org/src/contrib/cli_3.6.5.tar.gz'
Content type 'application/x-gzip' length 640240 bytes (625 KB)
==================================================
downloaded 625 KB

trying URL 'https://cloud.r-project.org/src/contrib/generics_0.1.4.tar.gz'
Content type 'application/x-gzip' length 47224 bytes (46 KB)
==================================================
downloaded 46 KB

trying URL 'https://cloud.r-project.org/src/contrib/glue_1.8.0.tar.gz'
Content type 'application/x-gzip' length 126682 bytes (123 KB)
==================================================
downloaded 123 KB

trying URL 'https://cloud.r-project.org/src/contrib/lifecycle_1.0.4.tar.gz'
Content type 'application/x-gzip' length 107656 bytes (105 KB)
==================================================
downloaded 105 KB

trying URL 'https://cloud.r-project.org/src/contrib/magrittr_2.0.3.tar.gz'
Content type 'application/x-gzip' length 267074 bytes (260 KB)
==================================================
downloaded 260 KB

trying URL 'https://cloud.r-project.org/src/contrib/pillar_1.11.0.tar.gz'
Content type 'application/x-gzip' length 409321 bytes (399 KB)
==================================================
downloaded 399 KB

trying URL 'https://cloud.r-project.org/src/contrib/R6_2.6.1.tar.gz'
Content type 'application/x-gzip' length 64507 bytes (62 KB)
==================================================
downloaded 62 KB

trying URL 'https://cloud.r-project.org/src/contrib/tibble_3.3.0.tar.gz'
Content type 'application/x-gzip' length 588671 bytes (574 KB)
==================================================
downloaded 574 KB

trying URL 'https://cloud.r-project.org/src/contrib/tidyselect_1.2.1.tar.gz'
Content type 'application/x-gzip' length 103591 bytes (101 KB)
==================================================
downloaded 101 KB

trying URL 'https://cloud.r-project.org/src/contrib/vctrs_0.6.5.tar.gz'
Content type 'application/x-gzip' length 969066 bytes (946 KB)
==================================================
downloaded 946 KB

trying URL 'https://cloud.r-project.org/src/contrib/bench_1.1.4.tar.gz'
Content type 'application/x-gzip' length 316570 bytes (309 KB)
==================================================
downloaded 309 KB

trying URL 'https://cloud.r-project.org/src/contrib/broom_1.0.9.tar.gz'
Content type 'application/x-gzip' length 651399 bytes (636 KB)
==================================================
downloaded 636 KB

trying URL 'https://cloud.r-project.org/src/contrib/callr_3.7.6.tar.gz'
Content type 'application/x-gzip' length 104358 bytes (101 KB)
==================================================
downloaded 101 KB

trying URL 'https://cloud.r-project.org/src/contrib/DBI_1.2.3.tar.gz'
Content type 'application/x-gzip' length 1137307 bytes (1.1 MB)
==================================================
downloaded 1.1 MB

trying URL 'https://cloud.r-project.org/src/contrib/dbplyr_2.5.0.tar.gz'
Content type 'application/x-gzip' length 770647 bytes (752 KB)
==================================================
downloaded 752 KB

trying URL 'https://cloud.r-project.org/src/contrib/ggplot2_3.5.2.tar.gz'
Content type 'application/x-gzip' length 3580451 bytes (3.4 MB)
==================================================
downloaded 3.4 MB

trying URL 'https://cloud.r-project.org/src/contrib/Lahman_12.0-0.tar.gz'
Content type 'application/x-gzip' length 6051714 bytes (5.8 MB)
==================================================
downloaded 5.8 MB

trying URL 'https://cloud.r-project.org/src/contrib/lobstr_1.1.2.tar.gz'
Content type 'application/x-gzip' length 62653 bytes (61 KB)
==================================================
downloaded 61 KB

trying URL 'https://cloud.r-project.org/src/contrib/microbenchmark_1.5.0.tar.gz'
Content type 'application/x-gzip' length 61673 bytes (60 KB)
==================================================
downloaded 60 KB

trying URL 'https://cloud.r-project.org/src/contrib/nycflights13_1.0.2.tar.gz'
Content type 'application/x-gzip' length 4504033 bytes (4.3 MB)
==================================================
downloaded 4.3 MB

trying URL 'https://cloud.r-project.org/src/contrib/RMySQL_0.11.1.tar.gz'
Content type 'application/x-gzip' length 53418 bytes (52 KB)
==================================================
downloaded 52 KB

trying URL 'https://cloud.r-project.org/src/contrib/RPostgreSQL_0.7-8.tar.gz'
Content type 'application/x-gzip' length 565218 bytes (551 KB)
==================================================
downloaded 551 KB

trying URL 'https://cloud.r-project.org/src/contrib/RSQLite_2.4.2.tar.gz'
Content type 'application/x-gzip' length 4325284 bytes (4.1 MB)
==================================================
downloaded 4.1 MB

trying URL 'https://cloud.r-project.org/src/contrib/stringi_1.8.7.tar.gz'
Content type 'application/x-gzip' length 11910646 bytes (11.4 MB)
==================================================
downloaded 11.4 MB

trying URL 'https://cloud.r-project.org/src/contrib/tidyr_1.3.1.tar.gz'
Content type 'application/x-gzip' length 809058 bytes (790 KB)
==================================================
downloaded 790 KB

trying URL 'https://cloud.r-project.org/src/contrib/carrier_0.2.0.tar.gz'
Content type 'application/x-gzip' length 8316 bytes
==================================================
downloaded 8316 bytes

trying URL 'https://cloud.r-project.org/src/contrib/httr_1.4.7.tar.gz'
Content type 'application/x-gzip' length 118500 bytes (115 KB)
==================================================
downloaded 115 KB

trying URL 'https://cloud.r-project.org/src/contrib/lubridate_1.9.4.tar.gz'
Content type 'application/x-gzip' length 429341 bytes (419 KB)
==================================================
downloaded 419 KB

trying URL 'https://cloud.r-project.org/src/contrib/mirai_2.4.1.tar.gz'
Content type 'application/x-gzip' length 195388 bytes (190 KB)
==================================================
downloaded 190 KB

trying URL 'https://cloud.r-project.org/src/contrib/data.table_1.17.8.tar.gz'
Content type 'application/x-gzip' length 5808720 bytes (5.5 MB)
==================================================
downloaded 5.5 MB

trying URL 'https://cloud.r-project.org/src/contrib/here_1.0.1.tar.gz'
Content type 'application/x-gzip' length 32954 bytes (32 KB)
==================================================
downloaded 32 KB

trying URL 'https://cloud.r-project.org/src/contrib/dplyr_1.1.4.tar.gz'
Content type 'application/x-gzip' length 1207521 bytes (1.2 MB)
==================================================
downloaded 1.2 MB

trying URL 'https://cloud.r-project.org/src/contrib/purrr_1.1.0.tar.gz'
Content type 'application/x-gzip' length 263975 bytes (257 KB)
==================================================
downloaded 257 KB

make: *** [Makefile:176: nanonext.ts] Error 1
make: *** [Makefile:366: RPostgreSQL.ts] Error 1
make: Target 'all' not remade because of errors.

The downloaded source packages are in
	‘/tmp/RtmpGJTj4d/downloaded_packages’
Warning message:
In install.packages(pkgs, dependencies = TRUE, Ncpus = 4) :
  installation of 3 packages failed:  ‘nanonext’, ‘RPostgreSQL’, ‘mirai’
